[0.392s] DEBUG:colcon:Command line arguments: ['/usr/bin/colcon', 'build']
[0.392s] DEBUG:colcon:Parsed command line arguments: Namespace(allow_overriding=[], ament_cmake_args=None, base_paths=['.'], build_base='build', catkin_cmake_args=None, catkin_skip_building_tests=False, cmake_args=None, cmake_clean_cache=False, cmake_clean_first=False, cmake_force_configure=False, cmake_target=None, cmake_target_skip_unavailable=False, continue_on_error=False, event_handlers=None, executor='parallel', ignore_user_meta=False, install_base='install', log_base=None, log_level=None, main=<bound method BuildVerb.main of <colcon_core.verb.build.BuildVerb object at 0x7f54fa1d5ca0>>, merge_install=False, metas=['./colcon.meta'], packages_above=None, packages_above_and_dependencies=None, packages_above_depth=None, packages_end=None, packages_ignore=None, packages_ignore_regex=None, packages_select=None, packages_select_build_failed=False, packages_select_by_dep=None, packages_select_regex=None, packages_select_test_failures=False, packages_skip=None, packages_skip_build_finished=False, packages_skip_by_dep=None, packages_skip_regex=None, packages_skip_test_passed=False, packages_skip_up_to=None, packages_start=None, packages_up_to=None, packages_up_to_regex=None, parallel_workers=3, paths=None, symlink_install=False, test_result_base=None, verb_extension=<colcon_core.verb.build.BuildVerb object at 0x7f54fa1d5ca0>, verb_name='build', verb_parser=<colcon_defaults.argument_parser.defaults.DefaultArgumentsDecorator object at 0x7f54fa0672e0>)
[0.835s] Level 1:colcon.colcon_core.package_discovery:discover_packages(colcon_meta) check parameters
[0.835s] Level 1:colcon.colcon_core.package_discovery:discover_packages(recursive) check parameters
[0.835s] Level 1:colcon.colcon_core.package_discovery:discover_packages(ignore) check parameters
[0.836s] Level 1:colcon.colcon_core.package_discovery:discover_packages(path) check parameters
[0.836s] Level 1:colcon.colcon_core.package_discovery:discover_packages(colcon_meta) discover
[0.836s] Level 1:colcon.colcon_core.package_discovery:discover_packages(recursive) discover
[0.836s] INFO:colcon.colcon_core.package_discovery:Crawling recursively for packages in '/home/marco/ros2_ws/src'
[0.836s] Level 1:colcon.colcon_core.package_identification:_identify(.) by extensions ['ignore', 'ignore_ament_install']
[0.837s] Level 1:colcon.colcon_core.package_identification:_identify(.) by extension 'ignore'
[0.837s] Level 1:colcon.colcon_core.package_identification:_identify(.) by extension 'ignore_ament_install'
[0.837s] Level 1:colcon.colcon_core.package_identification:_identify(.) by extensions ['colcon_pkg']
[0.837s] Level 1:colcon.colcon_core.package_identification:_identify(.) by extension 'colcon_pkg'
[0.837s] Level 1:colcon.colcon_core.package_identification:_identify(.) by extensions ['colcon_meta']
[0.837s] Level 1:colcon.colcon_core.package_identification:_identify(.) by extension 'colcon_meta'
[0.837s] Level 1:colcon.colcon_core.package_identification:_identify(.) by extensions ['ros']
[0.837s] Level 1:colcon.colcon_core.package_identification:_identify(.) by extension 'ros'
[0.861s] Level 1:colcon.colcon_core.package_identification:_identify(.) by extensions ['cmake', 'python']
[0.861s] Level 1:colcon.colcon_core.package_identification:_identify(.) by extension 'cmake'
[0.861s] Level 1:colcon.colcon_core.package_identification:_identify(.) by extension 'python'
[0.861s] Level 1:colcon.colcon_core.package_identification:_identify(.) by extensions ['python_setup_py']
[0.861s] Level 1:colcon.colcon_core.package_identification:_identify(.) by extension 'python_setup_py'
[0.861s] Level 1:colcon.colcon_core.package_identification:_identify(Assignment2_exprob_TM) by extensions ['ignore', 'ignore_ament_install']
[0.862s] Level 1:colcon.colcon_core.package_identification:_identify(Assignment2_exprob_TM) by extension 'ignore'
[0.862s] Level 1:colcon.colcon_core.package_identification:_identify(Assignment2_exprob_TM) by extension 'ignore_ament_install'
[0.862s] Level 1:colcon.colcon_core.package_identification:_identify(Assignment2_exprob_TM) by extensions ['colcon_pkg']
[0.862s] Level 1:colcon.colcon_core.package_identification:_identify(Assignment2_exprob_TM) by extension 'colcon_pkg'
[0.862s] Level 1:colcon.colcon_core.package_identification:_identify(Assignment2_exprob_TM) by extensions ['colcon_meta']
[0.862s] Level 1:colcon.colcon_core.package_identification:_identify(Assignment2_exprob_TM) by extension 'colcon_meta'
[0.862s] Level 1:colcon.colcon_core.package_identification:_identify(Assignment2_exprob_TM) by extensions ['ros']
[0.862s] Level 1:colcon.colcon_core.package_identification:_identify(Assignment2_exprob_TM) by extension 'ros'
[0.866s] DEBUG:colcon.colcon_core.package_identification:Package 'Assignment2_exprob_TM' with type 'ros.ament_cmake' and name 'assignment2_exprob_tm'
[0.867s] Level 1:colcon.colcon_core.package_identification:_identify(build) by extensions ['ignore', 'ignore_ament_install']
[0.867s] Level 1:colcon.colcon_core.package_identification:_identify(build) by extension 'ignore'
[0.867s] Level 1:colcon.colcon_core.package_identification:_identify(build) ignored
[0.867s] Level 1:colcon.colcon_core.package_identification:_identify(install) by extensions ['ignore', 'ignore_ament_install']
[0.867s] Level 1:colcon.colcon_core.package_identification:_identify(install) by extension 'ignore'
[0.867s] Level 1:colcon.colcon_core.package_identification:_identify(install) ignored
[0.867s] Level 1:colcon.colcon_core.package_identification:_identify(log) by extensions ['ignore', 'ignore_ament_install']
[0.867s] Level 1:colcon.colcon_core.package_identification:_identify(log) by extension 'ignore'
[0.867s] Level 1:colcon.colcon_core.package_identification:_identify(log) ignored
[0.867s] Level 1:colcon.colcon_core.package_discovery:discover_packages(recursive) using defaults
[0.867s] Level 1:colcon.colcon_core.package_discovery:discover_packages(ignore) discover
[0.867s] Level 1:colcon.colcon_core.package_discovery:discover_packages(ignore) using defaults
[0.867s] Level 1:colcon.colcon_core.package_discovery:discover_packages(path) discover
[0.868s] Level 1:colcon.colcon_core.package_discovery:discover_packages(path) using defaults
[0.899s] Level 1:colcon.colcon_core.package_discovery:discover_packages(prefix_path) check parameters
[0.899s] Level 1:colcon.colcon_core.package_discovery:discover_packages(prefix_path) discover
[0.901s] WARNING:colcon.colcon_core.prefix_path.colcon:The path '/home/marco/ros2_ws/install' in the environment variable COLCON_PREFIX_PATH doesn't exist
[0.908s] DEBUG:colcon.colcon_installed_package_information.package_discovery:Found 389 installed packages in /opt/ros/foxy
[0.912s] Level 1:colcon.colcon_core.package_discovery:discover_packages(prefix_path) using defaults
[1.119s] Level 5:colcon.colcon_core.verb:set package 'assignment2_exprob_tm' build argument 'cmake_args' from command line to 'None'
[1.119s] Level 5:colcon.colcon_core.verb:set package 'assignment2_exprob_tm' build argument 'cmake_target' from command line to 'None'
[1.119s] Level 5:colcon.colcon_core.verb:set package 'assignment2_exprob_tm' build argument 'cmake_target_skip_unavailable' from command line to 'False'
[1.119s] Level 5:colcon.colcon_core.verb:set package 'assignment2_exprob_tm' build argument 'cmake_clean_cache' from command line to 'False'
[1.119s] Level 5:colcon.colcon_core.verb:set package 'assignment2_exprob_tm' build argument 'cmake_clean_first' from command line to 'False'
[1.119s] Level 5:colcon.colcon_core.verb:set package 'assignment2_exprob_tm' build argument 'cmake_force_configure' from command line to 'False'
[1.119s] Level 5:colcon.colcon_core.verb:set package 'assignment2_exprob_tm' build argument 'ament_cmake_args' from command line to 'None'
[1.119s] Level 5:colcon.colcon_core.verb:set package 'assignment2_exprob_tm' build argument 'catkin_cmake_args' from command line to 'None'
[1.119s] Level 5:colcon.colcon_core.verb:set package 'assignment2_exprob_tm' build argument 'catkin_skip_building_tests' from command line to 'False'
[1.119s] DEBUG:colcon.colcon_core.verb:Building package 'assignment2_exprob_tm' with the following arguments: {'ament_cmake_args': None, 'build_base': '/home/marco/ros2_ws/src/build/assignment2_exprob_tm', 'catkin_cmake_args': None, 'catkin_skip_building_tests': False, 'cmake_args': None, 'cmake_clean_cache': False, 'cmake_clean_first': False, 'cmake_force_configure': False, 'cmake_target': None, 'cmake_target_skip_unavailable': False, 'install_base': '/home/marco/ros2_ws/src/install/assignment2_exprob_tm', 'merge_install': False, 'path': '/home/marco/ros2_ws/src/Assignment2_exprob_TM', 'symlink_install': False, 'test_result_base': None}
[1.120s] INFO:colcon.colcon_core.executor:Executing jobs using 'parallel' executor
[1.121s] DEBUG:colcon.colcon_parallel_executor.executor.parallel:run_until_complete
[1.122s] INFO:colcon.colcon_ros.task.ament_cmake.build:Building ROS package in '/home/marco/ros2_ws/src/Assignment2_exprob_TM' with build type 'ament_cmake'
[1.122s] INFO:colcon.colcon_cmake.task.cmake.build:Building CMake package in '/home/marco/ros2_ws/src/Assignment2_exprob_TM'
[1.125s] INFO:colcon.colcon_core.plugin_system:Skipping extension 'colcon_core.shell.bat': Not used on non-Windows systems
[1.125s] INFO:colcon.colcon_core.shell:Skip shell extension 'powershell' for command environment: Not usable outside of PowerShell
[1.125s] DEBUG:colcon.colcon_core.shell:Skip shell extension 'dsv' for command environment
[1.175s] DEBUG:colcon.colcon_core.event_handler.log_command:Invoking command in '/home/marco/ros2_ws/src/build/assignment2_exprob_tm': CMAKE_PREFIX_PATH=/opt/ros/foxy /usr/bin/cmake /home/marco/ros2_ws/src/Assignment2_exprob_TM -DCMAKE_INSTALL_PREFIX=/home/marco/ros2_ws/src/install/assignment2_exprob_tm
[5.014s] DEBUG:colcon.colcon_parallel_executor.executor.parallel:run_until_complete was interrupted
[5.014s] DEBUG:colcon.colcon_parallel_executor.executor.parallel:run_until_complete again
[5.029s] Level 1:colcon.colcon_core.environment:create_environment_scripts_only(assignment2_exprob_tm)
[5.033s] Level 1:colcon.colcon_core.environment:checking '/home/marco/ros2_ws/src/install/assignment2_exprob_tm' for CMake module files
[5.034s] Level 1:colcon.colcon_core.environment:checking '/home/marco/ros2_ws/src/install/assignment2_exprob_tm' for CMake config files
[5.034s] Level 1:colcon.colcon_core.environment:checking '/home/marco/ros2_ws/src/install/assignment2_exprob_tm/bin'
[5.035s] Level 1:colcon.colcon_core.environment:checking '/home/marco/ros2_ws/src/install/assignment2_exprob_tm/lib/pkgconfig/assignment2_exprob_tm.pc'
[5.035s] Level 1:colcon.colcon_core.environment:checking '/home/marco/ros2_ws/src/install/assignment2_exprob_tm/lib/python3.8/site-packages'
[5.036s] Level 1:colcon.colcon_core.environment:checking '/home/marco/ros2_ws/src/install/assignment2_exprob_tm/bin'
[5.036s] INFO:colcon.colcon_core.shell:Creating package script '/home/marco/ros2_ws/src/install/assignment2_exprob_tm/share/assignment2_exprob_tm/package.ps1'
[5.038s] INFO:colcon.colcon_core.shell:Creating package descriptor '/home/marco/ros2_ws/src/install/assignment2_exprob_tm/share/assignment2_exprob_tm/package.dsv'
[5.039s] INFO:colcon.colcon_core.shell:Creating package script '/home/marco/ros2_ws/src/install/assignment2_exprob_tm/share/assignment2_exprob_tm/package.sh'
[5.040s] INFO:colcon.colcon_core.shell:Creating package script '/home/marco/ros2_ws/src/install/assignment2_exprob_tm/share/assignment2_exprob_tm/package.bash'
[5.041s] INFO:colcon.colcon_core.shell:Creating package script '/home/marco/ros2_ws/src/install/assignment2_exprob_tm/share/assignment2_exprob_tm/package.zsh'
[5.043s] Level 1:colcon.colcon_core.environment:create_file_with_runtime_dependencies(/home/marco/ros2_ws/src/install/assignment2_exprob_tm/share/colcon-core/packages/assignment2_exprob_tm)
[5.054s] DEBUG:colcon.colcon_core.event_handler.log_command:Invoked command in '/home/marco/ros2_ws/src/build/assignment2_exprob_tm' returned '-2': CMAKE_PREFIX_PATH=/opt/ros/foxy /usr/bin/cmake /home/marco/ros2_ws/src/Assignment2_exprob_TM -DCMAKE_INSTALL_PREFIX=/home/marco/ros2_ws/src/install/assignment2_exprob_tm
[5.057s] DEBUG:colcon.colcon_parallel_executor.executor.parallel:run_until_complete finished
[5.057s] DEBUG:colcon.colcon_parallel_executor.executor.parallel:closing loop
[5.058s] DEBUG:colcon.colcon_parallel_executor.executor.parallel:loop closed
[5.058s] DEBUG:colcon.colcon_core.event_reactor:joining thread
[5.075s] INFO:colcon.colcon_core.plugin_system:Skipping extension 'colcon_notification.desktop_notification.terminal_notifier': Not used on non-Darwin systems
[5.079s] INFO:colcon.colcon_core.plugin_system:Skipping extension 'colcon_notification.desktop_notification.win32': Not used on non-Windows systems
[5.079s] INFO:colcon.colcon_notification.desktop_notification:Sending desktop notification using 'notify2'
[5.157s] DEBUG:colcon.colcon_core.event_reactor:joined thread
[5.160s] INFO:colcon.colcon_core.shell:Creating prefix script '/home/marco/ros2_ws/src/install/local_setup.ps1'
[5.162s] INFO:colcon.colcon_core.shell:Creating prefix util module '/home/marco/ros2_ws/src/install/_local_setup_util_ps1.py'
[5.164s] INFO:colcon.colcon_core.shell:Creating prefix chain script '/home/marco/ros2_ws/src/install/setup.ps1'
[5.167s] INFO:colcon.colcon_core.shell:Creating prefix script '/home/marco/ros2_ws/src/install/local_setup.sh'
[5.168s] INFO:colcon.colcon_core.shell:Creating prefix util module '/home/marco/ros2_ws/src/install/_local_setup_util_sh.py'
[5.169s] INFO:colcon.colcon_core.shell:Creating prefix chain script '/home/marco/ros2_ws/src/install/setup.sh'
[5.171s] INFO:colcon.colcon_core.shell:Creating prefix script '/home/marco/ros2_ws/src/install/local_setup.bash'
[5.172s] INFO:colcon.colcon_core.shell:Creating prefix chain script '/home/marco/ros2_ws/src/install/setup.bash'
[5.174s] INFO:colcon.colcon_core.shell:Creating prefix script '/home/marco/ros2_ws/src/install/local_setup.zsh'
[5.175s] INFO:colcon.colcon_core.shell:Creating prefix chain script '/home/marco/ros2_ws/src/install/setup.zsh'
