[0.029s] Invoking command in '/home/marco/ros2_ws/src/build/assignment2_exprob_tm': CMAKE_PREFIX_PATH=/opt/ros/foxy /usr/bin/cmake /home/marco/ros2_ws/src/Assignment2_exprob_TM -DCMAKE_INSTALL_PREFIX=/home/marco/ros2_ws/src/install/assignment2_exprob_tm
[0.321s] -- The C compiler identification is GNU 9.4.0
[0.534s] -- The CXX compiler identification is GNU 9.4.0
[0.545s] -- Check for working C compiler: /usr/bin/cc
[0.869s] -- Check for working C compiler: /usr/bin/cc -- works
[0.873s] -- Detecting C compiler ABI info
[1.237s] -- Detecting C compiler ABI info - done
[1.237s] -- Detecting C compile features
[1.249s] -- Detecting C compile features - done
[1.261s] -- Check for working CXX compiler: /usr/bin/c++
[1.604s] -- Check for working CXX compiler: /usr/bin/c++ -- works
[1.608s] -- Detecting CXX compiler ABI info
[1.974s] -- Detecting CXX compiler ABI info - done
[2.008s] -- Detecting CXX compile features
[2.009s] -- Detecting CXX compile features - done
[2.012s] -- Found ament_cmake: 0.9.12 (/opt/ros/foxy/share/ament_cmake/cmake)
[2.062s] -- Found PythonInterp: /usr/bin/python3 (found suitable version "3.8.10", minimum required is "3") 
[2.063s] -- Using PYTHON_EXECUTABLE: /usr/bin/python3
[2.409s] -- Found rclcpp: 2.4.3 (/opt/ros/foxy/share/rclcpp/cmake)
[2.555s] -- Using all available rosidl_typesupport_c: rosidl_typesupport_fastrtps_c;rosidl_typesupport_introspection_c
[2.573s] -- Found rosidl_adapter: 1.3.1 (/opt/ros/foxy/share/rosidl_adapter/cmake)
[2.866s] -- Found OpenSSL: /usr/lib/x86_64-linux-gnu/libcrypto.so (found version "1.1.1f")  
[2.969s] -- Found FastRTPS: /opt/ros/foxy/include  
[3.164s] -- Using all available rosidl_typesupport_cpp: rosidl_typesupport_fastrtps_cpp;rosidl_typesupport_introspection_cpp
[3.369s] -- Found rmw_implementation_cmake: 1.0.4 (/opt/ros/foxy/share/rmw_implementation_cmake/cmake)
[3.371s] -- Using RMW implementation 'rmw_fastrtps_cpp' as default
[3.373s] -- Looking for pthread.h
[3.663s] -- Looking for pthread.h - found
[3.663s] -- Performing Test CMAKE_HAVE_LIBC_PTHREAD
[3.908s] Invoked command in '/home/marco/ros2_ws/src/build/assignment2_exprob_tm' returned '-2': CMAKE_PREFIX_PATH=/opt/ros/foxy /usr/bin/cmake /home/marco/ros2_ws/src/Assignment2_exprob_TM -DCMAKE_INSTALL_PREFIX=/home/marco/ros2_ws/src/install/assignment2_exprob_tm
